
Warning-[UNKWN_OPTVSIM] Unknown option passed
  Ignoring unknown option '-adopt_wildcard' passed to 'vcs' and continuing 
  compilation.

Command: vcs -V -kdb -sverilog -full64 -debug_access+all -debug_region+cell -l logs/compile.log.0411_10:30:58 \
-timescale=1ns/1ps +incdir+/tool/Program/synopsys/syn_vS-2021.06-SP5-2/dw/dw01/src_ver \
-y /tool/Program/synopsys/syn_vS-2021.06-SP5-2/dw/sim_ver +delay_mode_zero +libext+.v+ \
-adopt_wildcard -f ./script/run_TOP.f -l gate_sim.log
/tool/Program/synopsys/vcs_vR-2020.12-SP1/linux64/bin/vcs1 -Mcc=gcc -Mcplusplus=g++ \
-Masflags= -Mcfl= -pipe -fPIC -O -I/tool/Program/synopsys/vcs_vR-2020.12-SP1/include \
-Mxllcflags= -Mxcflags= -pipe -fPIC -I/tool/Program/synopsys/vcs_vR-2020.12-SP1/include \
-Mldflags= -rdynamic  -Mout=simv -Mamsrun="" -Mvcsaceobjs="" -Mobjects=" /tool/Program/synopsys/vcs_vR-2020.12-SP1/linux64/lib/libvirsim.so \
/tool/Program/synopsys/vcs_vR-2020.12-SP1/linux64/lib/liberrorinf.so /tool/Program/synopsys/vcs_vR-2020.12-SP1/linux64/lib/libsnpsmalloc.so \
/tool/Program/synopsys/vcs_vR-2020.12-SP1/linux64/lib/libvfs.so " -Mexternalobj= \
-Msaverestoreobj=/tool/Program/synopsys/vcs_vR-2020.12-SP1/linux64/lib/vcs_save_restore_new.o \
-Mcrt0= -Mcrtn="" -Mcsrc="" -Msyslibs=/tool/Program/synopsys/verdi_vR-2020.12-SP1/share/PLI/VCS/LINUX64/pli.a \
-ldl  -l logs/compile.log.0411_10:30:58 -l gate_sim.log -V -kdb -Xufe=2steps -full64 \
-debug_access+all +vpi +vcsd1 +itf+/tool/Program/synopsys/vcs_vR-2020.12-SP1/linux64/lib/vcsdp_lite.tab \
-debug_region+cell -timescale=1ns/1ps +delay_mode_zero +libext+.v+ -picarchive -P \
/tool/Program/synopsys/verdi_vR-2020.12-SP1/share/PLI/VCS/LINUX64/verdi.tab -fsdb \
-sverilog -gen_obj +incdir+/tool/Program/synopsys/syn_vS-2021.06-SP5-2/dw/dw01/src_ver \
-y /tool/Program/synopsys/syn_vS-2021.06-SP5-2/dw/sim_ver -f ./script/run_TOP.f  \

                         Chronologic VCS (TM)
       Version R-2020.12-SP1_Full64 -- Thu Apr 11 10:30:59 2024

                    Copyright (c) 1991 - 2021 Synopsys, Inc.
   This software and the associated documentation are proprietary to Synopsys,
 Inc. This software may only be used in accordance with the terms and conditions
 of a written license agreement with Synopsys, Inc. All other use, reproduction,
            or distribution of this software is strictly prohibited.


################# <-file/-f contents> ########################
-f ./script/run_TOP.f
        -v
        /tool/PDK/samsung/LN28LPP_202203/PRIMITIVES/RVT/ln28lpp_sc_9t_base_rvt_c130_V1.00d/FE-Common/MODEL/sc9_cmos28lpp_base_rvt_neg.v
        ../../tb/tb_TOP_pre.sv
        ../../syn_topo_500/results/TOP.mapped.v

################# <-file/-f ends> ########################

Parsing design file '../../tb/tb_TOP_pre.sv'
Parsing design file '../../syn_topo_500/results/TOP.mapped.v'
Parsing library file '/tool/PDK/samsung/LN28LPP_202203/PRIMITIVES/RVT/ln28lpp_sc_9t_base_rvt_c130_V1.00d/FE-Common/MODEL/sc9_cmos28lpp_base_rvt_neg.v'
Top Level Modules:
       tb_TOP
TimeScale is 1 ns / 1 ps
Starting vcs inline pass...

463 modules and 2 UDPs read.
recompiling module tb_TOP
recompiling module sub_array_PIPELINE_STAGE_NUM2
recompiling module exp_array_LUT_PIPELINE_STAGE_NUM5
recompiling module pipeline_ELEMENT_NUM32_ELEMENT_WIDTH16_PIPELINE_STAGE_NUM2
recompiling module adder_recip_wrapper_PIPELINE_STAGE_NUM_ADD2_PIPELINE_STAGE_NUM_RECIP2
recompiling module mult_array_PIPELINE_STAGE_NUM2
recompiling module buffer_ELEMENT_NUM32_ELEMENT_WIDTH16
recompiling module pipeline_ELEMENT_NUM1_ELEMENT_WIDTH1_PIPELINE_STAGE_NUM9
recompiling module ADDFH_X1M_A9TR
recompiling module ADDFH_X1P4M_A9TR
recompiling module ADDFH_X2M_A9TR
recompiling module ADDF_X1M_A9TR
recompiling module ADDF_X1P4M_A9TR
recompiling module ADDF_X2M_A9TR
recompiling module AND2_X0P7M_A9TR
recompiling module AND2_X1M_A9TR
recompiling module AND2_X2B_A9TR
recompiling module AND2_X2M_A9TR
recompiling module AND2_X3B_A9TR
recompiling module AND2_X3M_A9TR
recompiling module AND2_X4M_A9TR
recompiling module AND2_X6B_A9TR
recompiling module AND2_X8M_A9TR
recompiling module AND3_X0P5M_A9TR
recompiling module AND3_X0P7M_A9TR
recompiling module AND3_X1M_A9TR
recompiling module AND3_X1P4M_A9TR
recompiling module AND3_X2M_A9TR
recompiling module AND4_X0P7M_A9TR
recompiling module AND4_X1M_A9TR
recompiling module AND4_X1P4M_A9TR
recompiling module AND4_X2M_A9TR
recompiling module AO1B2_X0P5M_A9TR
recompiling module AO1B2_X0P7M_A9TR
recompiling module AO1B2_X1M_A9TR
recompiling module AO1B2_X1P4M_A9TR
recompiling module AO1B2_X2M_A9TR
recompiling module AO1B2_X3M_A9TR
recompiling module AO1B2_X4M_A9TR
recompiling module AO1B2_X6M_A9TR
recompiling module AO21A1AI2_X0P5M_A9TR
recompiling module AO21A1AI2_X0P7M_A9TR
recompiling module AO21A1AI2_X1M_A9TR
recompiling module AO21A1AI2_X1P4M_A9TR
recompiling module AO21A1AI2_X2M_A9TR
recompiling module AO21A1AI2_X3M_A9TR
recompiling module AO21A1AI2_X4M_A9TR
recompiling module AO21A1AI2_X6M_A9TR
recompiling module AO21B_X2M_A9TR
recompiling module AO21B_X4M_A9TR
50 of 463 modules done
recompiling module AO21_X0P5M_A9TR
recompiling module AO21_X0P7M_A9TR
recompiling module AO21_X1M_A9TR
recompiling module AO21_X1P4M_A9TR
recompiling module AO21_X2M_A9TR
recompiling module AO22_X0P5M_A9TR
recompiling module AO22_X0P7M_A9TR
recompiling module AO22_X1M_A9TR
recompiling module AO22_X2M_A9TR
recompiling module AOI211_X0P5M_A9TR
recompiling module AOI211_X0P7M_A9TR
recompiling module AOI211_X1M_A9TR
recompiling module AOI211_X1P4M_A9TR
recompiling module AOI211_X2M_A9TR
recompiling module AOI211_X3M_A9TR
recompiling module AOI211_X4M_A9TR
recompiling module AOI21B_X0P7M_A9TR
recompiling module AOI21B_X1M_A9TR
recompiling module AOI21B_X2M_A9TR
recompiling module AOI21B_X3M_A9TR
recompiling module AOI21B_X6M_A9TR
recompiling module AOI21_X0P5M_A9TR
recompiling module AOI21_X0P7M_A9TR
recompiling module AOI21_X1M_A9TR
recompiling module AOI21_X1P4M_A9TR
recompiling module AOI21_X2M_A9TR
recompiling module AOI21_X3M_A9TR
recompiling module AOI21_X4M_A9TR
recompiling module AOI21_X6M_A9TR
recompiling module AOI21_X8M_A9TR
recompiling module AOI221_X0P7M_A9TR
recompiling module AOI221_X2M_A9TR
recompiling module AOI221_X3M_A9TR
recompiling module AOI222_X0P7M_A9TR
recompiling module AOI222_X1M_A9TR
recompiling module AOI222_X2M_A9TR
recompiling module AOI222_X4M_A9TR
recompiling module AOI22BB_X0P7M_A9TR
recompiling module AOI22BB_X1M_A9TR
recompiling module AOI22BB_X1P4M_A9TR
recompiling module AOI22BB_X2M_A9TR
recompiling module AOI22BB_X3M_A9TR
recompiling module AOI22BB_X4M_A9TR
recompiling module AOI22BB_X6M_A9TR
recompiling module AOI22BB_X8M_A9TR
recompiling module AOI22_X0P5M_A9TR
recompiling module AOI22_X0P7M_A9TR
recompiling module AOI22_X1M_A9TR
recompiling module AOI22_X1P4M_A9TR
recompiling module AOI22_X2M_A9TR
100 of 463 modules done
recompiling module AOI22_X3M_A9TR
recompiling module AOI22_X4M_A9TR
recompiling module AOI22_X6M_A9TR
recompiling module AOI22_X8M_A9TR
recompiling module AOI2XB1_X0P7M_A9TR
recompiling module AOI2XB1_X1M_A9TR
recompiling module AOI2XB1_X2M_A9TR
recompiling module AOI2XB1_X3M_A9TR
recompiling module AOI2XB1_X4M_A9TR
recompiling module AOI2XB1_X6M_A9TR
recompiling module AOI2XB1_X8M_A9TR
recompiling module AOI31_X0P5M_A9TR
recompiling module AOI31_X0P7M_A9TR
recompiling module AOI31_X1M_A9TR
recompiling module AOI31_X1P4M_A9TR
recompiling module AOI31_X2M_A9TR
recompiling module AOI31_X3M_A9TR
recompiling module AOI31_X4M_A9TR
recompiling module AOI31_X6M_A9TR
recompiling module AOI32_X0P5M_A9TR
recompiling module AOI32_X0P7M_A9TR
recompiling module AOI32_X1M_A9TR
recompiling module AOI32_X2M_A9TR
recompiling module BUFH_X16M_A9TR
recompiling module BUFH_X1M_A9TR
recompiling module BUFH_X1P4M_A9TR
recompiling module BUFH_X1P7M_A9TR
recompiling module BUFH_X2M_A9TR
recompiling module BUFH_X2P5M_A9TR
recompiling module BUFH_X3M_A9TR
recompiling module BUFH_X4M_A9TR
recompiling module BUFH_X5M_A9TR
recompiling module BUFH_X7P5M_A9TR
recompiling module BUFH_X9M_A9TR
recompiling module BUF_X11B_A9TR
recompiling module BUF_X1B_A9TR
recompiling module BUF_X1M_A9TR
recompiling module BUF_X1P4M_A9TR
recompiling module BUF_X2M_A9TR
recompiling module BUF_X2P5M_A9TR
recompiling module BUF_X3M_A9TR
recompiling module BUF_X4B_A9TR
recompiling module BUF_X4M_A9TR
recompiling module BUF_X5B_A9TR
recompiling module BUF_X5M_A9TR
recompiling module BUF_X6B_A9TR
recompiling module BUF_X6M_A9TR
recompiling module BUF_X7P5M_A9TR
recompiling module BUF_X9M_A9TR
recompiling module CGENI_X1M_A9TR
150 of 463 modules done
recompiling module CGENI_X2M_A9TR
recompiling module CGEN_X1M_A9TR
recompiling module CGEN_X1P4M_A9TR
recompiling module CGEN_X2M_A9TR
recompiling module DFFRPQN_X0P5M_A9TR
recompiling module DFFRPQN_X1M_A9TR
recompiling module DFFRPQN_X2M_A9TR
recompiling module DFFRPQN_X3M_A9TR
recompiling module DFFRPQ_X0P5M_A9TR
recompiling module DFFRPQ_X1M_A9TR
recompiling module DFFRPQ_X2M_A9TR
recompiling module DFFRPQ_X3M_A9TR
recompiling module DFFRPQ_X4M_A9TR
recompiling module DFFSQN_X0P5M_A9TR
recompiling module DFFSQN_X1M_A9TR
recompiling module DFFSQN_X2M_A9TR
recompiling module DFFSQ_X0P5M_A9TR
recompiling module DFFSQ_X1M_A9TR
recompiling module DFFSQ_X2M_A9TR
recompiling module DFFSQ_X3M_A9TR
recompiling module DFFSQ_X4M_A9TR
recompiling module INV_X0P7B_A9TR
recompiling module INV_X11M_A9TR
recompiling module INV_X1B_A9TR
recompiling module INV_X1M_A9TR
recompiling module INV_X1P2B_A9TR
recompiling module INV_X1P4M_A9TR
recompiling module INV_X2B_A9TR
recompiling module INV_X2M_A9TR
recompiling module INV_X2P5M_A9TR
recompiling module INV_X3P5B_A9TR
recompiling module INV_X4B_A9TR
recompiling module INV_X4M_A9TR
recompiling module INV_X5B_A9TR
recompiling module INV_X6B_A9TR
recompiling module INV_X7P5B_A9TR
recompiling module INV_X7P5M_A9TR
recompiling module MXIT2_X0P5M_A9TR
recompiling module MXIT2_X0P7M_A9TR
recompiling module MXIT2_X1M_A9TR
recompiling module MXIT2_X1P4M_A9TR
recompiling module MXIT2_X2M_A9TR
recompiling module MXIT2_X3M_A9TR
recompiling module MXIT2_X4M_A9TR
recompiling module MXT2_X0P5M_A9TR
recompiling module MXT2_X0P7B_A9TR
recompiling module MXT2_X1B_A9TR
recompiling module MXT2_X1M_A9TR
recompiling module MXT2_X2B_A9TR
recompiling module MXT2_X2M_A9TR
200 of 463 modules done
recompiling module MXT2_X6B_A9TR
recompiling module NAND2B_X1P4M_A9TR
recompiling module NAND2B_X2M_A9TR
recompiling module NAND2B_X3M_A9TR
recompiling module NAND2B_X4M_A9TR
recompiling module NAND2B_X6M_A9TR
recompiling module NAND2XB_X0P5M_A9TR
recompiling module NAND2XB_X0P7M_A9TR
recompiling module NAND2XB_X1M_A9TR
recompiling module NAND2XB_X1P4M_A9TR
recompiling module NAND2XB_X2M_A9TR
recompiling module NAND2XB_X3M_A9TR
recompiling module NAND2_X0P5B_A9TR
recompiling module NAND2_X0P7B_A9TR
recompiling module NAND2_X1B_A9TR
recompiling module NAND2_X1P4B_A9TR
recompiling module NAND2_X2B_A9TR
recompiling module NAND2_X3B_A9TR
recompiling module NAND2_X4B_A9TR
recompiling module NAND2_X6M_A9TR
recompiling module NAND2_X8M_A9TR
recompiling module NAND3BB_X0P7M_A9TR
recompiling module NAND3BB_X1M_A9TR
recompiling module NAND3BB_X1P4M_A9TR
recompiling module NAND3BB_X2M_A9TR
recompiling module NAND3BB_X3M_A9TR
recompiling module NAND3BB_X4M_A9TR
recompiling module NAND3B_X0P5M_A9TR
recompiling module NAND3B_X1P4M_A9TR
recompiling module NAND3B_X2M_A9TR
recompiling module NAND3B_X3M_A9TR
recompiling module NAND3B_X4M_A9TR
recompiling module NAND3XXB_X0P7M_A9TR
recompiling module NAND3XXB_X1M_A9TR
recompiling module NAND3XXB_X2M_A9TR
recompiling module NAND3XXB_X3M_A9TR
recompiling module NAND3XXB_X4M_A9TR
recompiling module NAND3XXB_X6M_A9TR
recompiling module NAND3_X0P5A_A9TR
recompiling module NAND3_X0P7A_A9TR
recompiling module NAND3_X1A_A9TR
recompiling module NAND3_X1M_A9TR
recompiling module NAND3_X1P4A_A9TR
recompiling module NAND3_X2A_A9TR
recompiling module NAND3_X2M_A9TR
recompiling module NAND3_X3A_A9TR
recompiling module NAND3_X3M_A9TR
recompiling module NAND3_X4A_A9TR
recompiling module NAND3_X6A_A9TR
recompiling module NAND3_X6M_A9TR
250 of 463 modules done
recompiling module NAND4BB_X0P7M_A9TR
recompiling module NAND4BB_X1M_A9TR
recompiling module NAND4BB_X1P4M_A9TR
recompiling module NAND4BB_X2M_A9TR
recompiling module NAND4BB_X3M_A9TR
recompiling module NAND4B_X0P7M_A9TR
recompiling module NAND4B_X1M_A9TR
recompiling module NAND4B_X2M_A9TR
recompiling module NAND4B_X3M_A9TR
recompiling module NAND4B_X4M_A9TR
recompiling module NAND4XXXB_X0P5M_A9TR
recompiling module NAND4XXXB_X0P7M_A9TR
recompiling module NAND4XXXB_X1M_A9TR
recompiling module NAND4XXXB_X2M_A9TR
recompiling module NAND4XXXB_X3M_A9TR
recompiling module NAND4_X0P5A_A9TR
recompiling module NAND4_X0P7A_A9TR
recompiling module NAND4_X1A_A9TR
recompiling module NAND4_X1M_A9TR
recompiling module NAND4_X2A_A9TR
recompiling module NAND4_X2M_A9TR
recompiling module NAND4_X3A_A9TR
recompiling module NAND4_X3M_A9TR
recompiling module NAND4_X4A_A9TR
recompiling module NOR2B_X1P4M_A9TR
recompiling module NOR2B_X2M_A9TR
recompiling module NOR2B_X3M_A9TR
recompiling module NOR2B_X4M_A9TR
recompiling module NOR2B_X6M_A9TR
recompiling module NOR2XB_X0P7M_A9TR
recompiling module NOR2XB_X1M_A9TR
recompiling module NOR2XB_X1P4M_A9TR
recompiling module NOR2XB_X2M_A9TR
recompiling module NOR2XB_X3M_A9TR
recompiling module NOR2XB_X4M_A9TR
recompiling module NOR2XB_X6M_A9TR
recompiling module NOR2_X0P5B_A9TR
recompiling module NOR2_X0P5M_A9TR
recompiling module NOR2_X1A_A9TR
recompiling module NOR2_X1M_A9TR
recompiling module NOR2_X1P4M_A9TR
recompiling module NOR2_X2A_A9TR
recompiling module NOR2_X2M_A9TR
recompiling module NOR2_X3A_A9TR
recompiling module NOR2_X3B_A9TR
recompiling module NOR2_X3M_A9TR
recompiling module NOR2_X4A_A9TR
recompiling module NOR2_X4B_A9TR
recompiling module NOR2_X4M_A9TR
recompiling module NOR2_X6A_A9TR
300 of 463 modules done
recompiling module NOR2_X6B_A9TR
recompiling module NOR2_X6M_A9TR
recompiling module NOR2_X8A_A9TR
recompiling module NOR2_X8B_A9TR
recompiling module NOR3BB_X0P7M_A9TR
recompiling module NOR3BB_X1M_A9TR
recompiling module NOR3BB_X2M_A9TR
recompiling module NOR3BB_X4M_A9TR
recompiling module NOR3_X0P5M_A9TR
recompiling module NOR3_X0P7A_A9TR
recompiling module NOR3_X1A_A9TR
recompiling module NOR3_X1M_A9TR
recompiling module NOR3_X1P4A_A9TR
recompiling module NOR3_X1P4M_A9TR
recompiling module NOR3_X2A_A9TR
recompiling module NOR3_X2M_A9TR
recompiling module NOR3_X3A_A9TR
recompiling module NOR3_X3M_A9TR
recompiling module NOR3_X4A_A9TR
recompiling module NOR3_X4M_A9TR
recompiling module NOR4BB_X0P5M_A9TR
recompiling module NOR4BB_X0P7M_A9TR
recompiling module NOR4BB_X1M_A9TR
recompiling module NOR4BB_X2M_A9TR
recompiling module NOR4BB_X3M_A9TR
recompiling module OA1B2_X0P7M_A9TR
recompiling module OA1B2_X1M_A9TR
recompiling module OA1B2_X1P4M_A9TR
recompiling module OA1B2_X2M_A9TR
recompiling module OA1B2_X3M_A9TR
recompiling module OA1B2_X4M_A9TR
recompiling module OA1B2_X6M_A9TR
recompiling module OA211_X0P5M_A9TR
recompiling module OA211_X0P7M_A9TR
recompiling module OA211_X1M_A9TR
recompiling module OA211_X2M_A9TR
recompiling module OA21A1OI2_X0P5M_A9TR
recompiling module OA21A1OI2_X0P7M_A9TR
recompiling module OA21A1OI2_X1M_A9TR
recompiling module OA21A1OI2_X1P4M_A9TR
recompiling module OA21A1OI2_X2M_A9TR
recompiling module OA21A1OI2_X3M_A9TR
recompiling module OA21A1OI2_X4M_A9TR
recompiling module OA21A1OI2_X6M_A9TR
recompiling module OA21B_X2M_A9TR
recompiling module OA21B_X3M_A9TR
recompiling module OA21B_X4M_A9TR
recompiling module OA21B_X6M_A9TR
recompiling module OA21_X0P5M_A9TR
recompiling module OA21_X0P7M_A9TR
350 of 463 modules done
recompiling module OA21_X1M_A9TR
recompiling module OA21_X1P4M_A9TR
recompiling module OA21_X2M_A9TR
recompiling module OA21_X3M_A9TR
recompiling module OA21_X4M_A9TR
recompiling module OA21_X6M_A9TR
recompiling module OA21_X8M_A9TR
recompiling module OA22_X0P5M_A9TR
recompiling module OA22_X0P7M_A9TR
recompiling module OA22_X1M_A9TR
recompiling module OA22_X1P4M_A9TR
recompiling module OA22_X2M_A9TR
recompiling module OA22_X3M_A9TR
recompiling module OA22_X4M_A9TR
recompiling module OA22_X6M_A9TR
recompiling module OAI211_X0P5M_A9TR
recompiling module OAI211_X0P7M_A9TR
recompiling module OAI211_X1M_A9TR
recompiling module OAI211_X1P4M_A9TR
recompiling module OAI211_X2M_A9TR
recompiling module OAI211_X3M_A9TR
recompiling module OAI211_X4M_A9TR
recompiling module OAI21B_X0P7M_A9TR
recompiling module OAI21B_X1M_A9TR
recompiling module OAI21B_X2M_A9TR
recompiling module OAI21B_X3M_A9TR
recompiling module OAI21B_X4M_A9TR
recompiling module OAI21B_X6M_A9TR
recompiling module OAI21B_X8M_A9TR
recompiling module OAI21_X0P5M_A9TR
recompiling module OAI21_X0P7M_A9TR
recompiling module OAI21_X1M_A9TR
recompiling module OAI21_X1P4M_A9TR
recompiling module OAI21_X2M_A9TR
recompiling module OAI21_X3M_A9TR
recompiling module OAI21_X4M_A9TR
recompiling module OAI21_X6M_A9TR
recompiling module OAI21_X8M_A9TR
recompiling module OAI221_X0P5M_A9TR
recompiling module OAI221_X0P7M_A9TR
recompiling module OAI221_X1M_A9TR
recompiling module OAI221_X2M_A9TR
recompiling module OAI222_X0P5M_A9TR
recompiling module OAI222_X0P7M_A9TR
recompiling module OAI222_X1M_A9TR
recompiling module OAI222_X2M_A9TR
recompiling module OAI222_X3M_A9TR
recompiling module OAI22BB_X0P7M_A9TR
recompiling module OAI22BB_X1M_A9TR
recompiling module OAI22BB_X1P4M_A9TR
400 of 463 modules done
recompiling module OAI22BB_X2M_A9TR
recompiling module OAI22BB_X3M_A9TR
recompiling module OAI22BB_X4M_A9TR
recompiling module OAI22BB_X8M_A9TR
recompiling module OAI22_X0P5M_A9TR
recompiling module OAI22_X0P7M_A9TR
recompiling module OAI22_X1M_A9TR
recompiling module OAI22_X1P4M_A9TR
recompiling module OAI22_X2M_A9TR
recompiling module OAI22_X3M_A9TR
recompiling module OAI22_X4M_A9TR
recompiling module OAI22_X6M_A9TR
recompiling module OAI22_X8M_A9TR
recompiling module OAI2XB1_X0P7M_A9TR
recompiling module OAI2XB1_X1M_A9TR
recompiling module OAI2XB1_X1P4M_A9TR
recompiling module OAI2XB1_X2M_A9TR
recompiling module OAI2XB1_X3M_A9TR
recompiling module OAI2XB1_X4M_A9TR
recompiling module OAI2XB1_X6M_A9TR
recompiling module OAI2XB1_X8M_A9TR
recompiling module OAI31_X0P7M_A9TR
recompiling module OAI31_X1M_A9TR
recompiling module OAI31_X1P4M_A9TR
recompiling module OAI31_X2M_A9TR
recompiling module OAI31_X3M_A9TR
recompiling module OAI31_X4M_A9TR
recompiling module OAI31_X6M_A9TR
recompiling module OR2_X0P7B_A9TR
recompiling module OR2_X11M_A9TR
recompiling module OR2_X1M_A9TR
recompiling module OR2_X1P4M_A9TR
recompiling module OR2_X2B_A9TR
recompiling module OR2_X3B_A9TR
recompiling module OR2_X3M_A9TR
recompiling module OR2_X4M_A9TR
recompiling module OR2_X6B_A9TR
recompiling module OR2_X6M_A9TR
recompiling module OR3_X0P7M_A9TR
recompiling module OR3_X1M_A9TR
recompiling module OR3_X1P4M_A9TR
recompiling module OR3_X2M_A9TR
recompiling module OR3_X4M_A9TR
recompiling module OR3_X6M_A9TR
recompiling module OR4_X0P7M_A9TR
recompiling module OR4_X1M_A9TR
recompiling module OR6_X0P7M_A9TR
recompiling module OR6_X1M_A9TR
recompiling module XNOR2_X0P5M_A9TR
recompiling module XNOR2_X0P7M_A9TR
450 of 463 modules done
recompiling module XNOR2_X1M_A9TR
recompiling module XNOR2_X1P4M_A9TR
recompiling module XNOR2_X2M_A9TR
recompiling module XNOR2_X3M_A9TR
recompiling module XNOR2_X4M_A9TR
recompiling module XNOR3_X1M_A9TR
recompiling module XOR2_X0P5M_A9TR
recompiling module XOR2_X0P7M_A9TR
recompiling module XOR2_X1M_A9TR
recompiling module XOR2_X1P4M_A9TR
recompiling module XOR2_X2M_A9TR
recompiling module XOR2_X3M_A9TR
recompiling module XOR2_X4M_A9TR
All of 463 modules done
( cd csrc ; make -f Makefile SNPS_VCS_TMPDIR=/tmp/vcs_20240411013058_39326 product \
)
make[1]: Entering directory `/home/juchan.lee/softmax_v5/sim/pre/csrc'
rm -f _cuarc*.so _csrc*.so pre_vcsobj_*.so share_vcsobj_*.so
if [ -x ../simv ]; then chmod a-x ../simv; fi
g++  -o ../simv      -rdynamic  -Wl,-rpath='$ORIGIN'/simv.daidir -Wl,-rpath=./simv.daidir \
-Wl,-rpath=/tool/Program/synopsys/vcs_vR-2020.12-SP1/linux64/lib -L/tool/Program/synopsys/vcs_vR-2020.12-SP1/linux64/lib \
-Wl,-rpath-link=./  /usr/lib64/libnuma.so.1   objs/amcQw_d.o   _39875_archive_1.so \
objs/udps/exIG1.o objs/udps/U7Vwg.o  SIM_l.o      rmapats_mop.o rmapats.o rmar.o \
rmar_nd.o  rmar_llvm_0_1.o rmar_llvm_0_0.o           -lvirsim -lerrorinf -lsnpsmalloc \
-lvfs    -lvcsnew -lsimprofile -luclinative /tool/Program/synopsys/vcs_vR-2020.12-SP1/linux64/lib/vcs_tls.o \
-Wl,-whole-archive  -lvcsucli    -Wl,-no-whole-archive        _vcs_pli_stub_.o   \
/tool/Program/synopsys/vcs_vR-2020.12-SP1/linux64/lib/vcs_save_restore_new.o /tool/Program/synopsys/verdi_vR-2020.12-SP1/share/PLI/VCS/LINUX64/pli.a \
-ldl  -lc -lm -lpthread -ldl 
../simv up to date
make[1]: Leaving directory `/home/juchan.lee/softmax_v5/sim/pre/csrc'
CPU time: 8.396 seconds to compile + 2.781 seconds to elab + .349 seconds to link
Verdi KDB elaboration done and the database successfully generated: 0 error(s), 0 warning(s)
