#######################################################################################
# log primitive debug message of FSDB dumping                                         #
# This is for R&D to analyze when there are issues happening when FSDB dump           #
#######################################################################################
ANF: vcsd_get_serial_mode_status('./simv: undefined symbol: vcsd_get_serial_mode_status')
ANF: vcsd_enable_sva_success_callback('./simv: undefined symbol: vcsd_enable_sva_success_callback')
ANF: vcsd_disable_sva_success_callback('./simv: undefined symbol: vcsd_disable_sva_success_callback')
ANF: vcsd_get_power_scope_name('./simv: undefined symbol: vcsd_get_power_scope_name')
ANF: vcsd_begin_no_value_var_info('./simv: undefined symbol: vcsd_begin_no_value_var_info')
ANF: vcsd_end_no_value_var_info('./simv: undefined symbol: vcsd_end_no_value_var_info')
ANF: vcsd_remove_xprop_merge_mode_callback('./simv: undefined symbol: vcsd_remove_xprop_merge_mode_callback')
ANF: vhpi_get_cb_info('./simv: undefined symbol: vhpi_get_cb_info')
ANF: vhpi_free_handle('./simv: undefined symbol: vhpi_free_handle')
ANF: vhpi_fetch_vcsd_handle('./simv: undefined symbol: vhpi_fetch_vcsd_handle')
ANF: vhpi_fetch_vpi_handle('./simv: undefined symbol: vhpi_fetch_vpi_handle')
ANF: vhpi_has_verilog_parent('./simv: undefined symbol: vhpi_has_verilog_parent')
ANF: vhpi_is_verilog_scope('./simv: undefined symbol: vhpi_is_verilog_scope')
ANF: scsd_xprop_is_enabled('./simv: undefined symbol: scsd_xprop_is_enabled')
ANF: scsd_xprop_sig_is_promoted('./simv: undefined symbol: scsd_xprop_sig_is_promoted')
ANF: scsd_xprop_int_xvalue('./simv: undefined symbol: scsd_xprop_int_xvalue')
ANF: scsd_xprop_bool_xvalue('./simv: undefined symbol: scsd_xprop_bool_xvalue')
ANF: scsd_xprop_enum_xvalue('./simv: undefined symbol: scsd_xprop_enum_xvalue')
ANF: scsd_xprop_register_merge_mode_cb('./simv: undefined symbol: scsd_xprop_register_merge_mode_cb')
ANF: scsd_xprop_delete_merge_mode_cb('./simv: undefined symbol: scsd_xprop_delete_merge_mode_cb')
ANF: scsd_xprop_get_merge_mode('./simv: undefined symbol: scsd_xprop_get_merge_mode')
ANF: scsd_thread_get_info('./simv: undefined symbol: scsd_thread_get_info')
ANF: scsd_thread_vc_init('./simv: undefined symbol: scsd_thread_vc_init')
ANF: scsd_master_set_delta_sync_cbk('./simv: undefined symbol: scsd_master_set_delta_sync_cbk')
ANF: scsd_fgp_get_fsdb_cores('./simv: undefined symbol: scsd_fgp_get_fsdb_cores')
ANF: vhdi_dt_get_type('./simv: undefined symbol: vhdi_dt_get_type')
ANF: vhdi_dt_get_key('./simv: undefined symbol: vhdi_dt_get_key')
ANF: vhdi_dt_get_vhdl_enum_info('./simv: undefined symbol: vhdi_dt_get_vhdl_enum_info')
ANF: vhdi_dt_get_vhdl_physical_info('./simv: undefined symbol: vhdi_dt_get_vhdl_physical_info')
ANF: vhdi_dt_get_vhdl_array_info('./simv: undefined symbol: vhdi_dt_get_vhdl_array_info')
ANF: vhdi_dt_get_vhdl_record_info('./simv: undefined symbol: vhdi_dt_get_vhdl_record_info')
ANF: vhdi_def_traverse_module('./simv: undefined symbol: vhdi_def_traverse_module')
ANF: vhdi_def_traverse_scope('./simv: undefined symbol: vhdi_def_traverse_scope')
ANF: vhdi_def_traverse_variable('./simv: undefined symbol: vhdi_def_traverse_variable')
ANF: vhdi_def_get_module_id_by_vhpi('./simv: undefined symbol: vhdi_def_get_module_id_by_vhpi')
ANF: vhdi_def_get_handle_by_module_id('./simv: undefined symbol: vhdi_def_get_handle_by_module_id')
ANF: vhdi_def_get_variable_info_by_vhpi('./simv: undefined symbol: vhdi_def_get_variable_info_by_vhpi')
ANF: vhdi_def_free('./simv: undefined symbol: vhdi_def_free')
ANF: vhdi_ist_traverse_scope('./simv: undefined symbol: vhdi_ist_traverse_scope')
ANF: vhdi_ist_traverse_variable('./simv: undefined symbol: vhdi_ist_traverse_variable')
ANF: vhdi_ist_convert_by_vhpi('./simv: undefined symbol: vhdi_ist_convert_by_vhpi')
ANF: vhdi_ist_clone('./simv: undefined symbol: vhdi_ist_clone')
ANF: vhdi_ist_free('./simv: undefined symbol: vhdi_ist_free')
ANF: vhdi_ist_hash_key('./simv: undefined symbol: vhdi_ist_hash_key')
ANF: vhdi_ist_compare('./simv: undefined symbol: vhdi_ist_compare')
ANF: vhdi_ist_get_value_addr('./simv: undefined symbol: vhdi_ist_get_value_addr')
ANF: vhdi_set_scsd_callback('./simv: undefined symbol: vhdi_set_scsd_callback')
ANF: vhdi_cbk_set_force_callback('./simv: undefined symbol: vhdi_cbk_set_force_callback')
ANF: vhdi_trigger_init_force('./simv: undefined symbol: vhdi_trigger_init_force')
ANF: vhdi_ist_check_scsd_callback('./simv: undefined symbol: vhdi_ist_check_scsd_callback')
ANF: vhdi_ist_add_scsd_callback('./simv: undefined symbol: vhdi_ist_add_scsd_callback')
ANF: vhdi_ist_remove_scsd_callback('./simv: undefined symbol: vhdi_ist_remove_scsd_callback')
ANF: vhdi_ist_get_scsd_user_data('./simv: undefined symbol: vhdi_ist_get_scsd_user_data')
ANF: vhdi_add_time_change_callback('./simv: undefined symbol: vhdi_add_time_change_callback')
ANF: vhdi_get_real_value_by_value_addr('./simv: undefined symbol: vhdi_get_real_value_by_value_addr')
ANF: vhdi_get_64_value_by_value_addr('./simv: undefined symbol: vhdi_get_64_value_by_value_addr')
ANF: vhdi_xprop_inst_is_promoted('./simv: undefined symbol: vhdi_xprop_inst_is_promoted')
ANF: vdi_ist_convert_by_vhdi('./simv: undefined symbol: vdi_ist_convert_by_vhdi')
ANF: vhdi_ist_get_module_id('./simv: undefined symbol: vhdi_ist_get_module_id')
ANF: vhdi_refine_foreign_scope_type('./simv: undefined symbol: vhdi_refine_foreign_scope_type')
ANF: vhdi_flush_callback('./simv: undefined symbol: vhdi_flush_callback')
ANF: vhdi_set_orig_name('./simv: undefined symbol: vhdi_set_orig_name')
ANF: vhdi_set_dump_pt('./simv: undefined symbol: vhdi_set_dump_pt')
ANF: vhdi_get_fsdb_option('./simv: undefined symbol: vhdi_get_fsdb_option')
ANF: vhdi_fgp_get_mode('./simv: undefined symbol: vhdi_fgp_get_mode')
ANF: vhdi_node_register_composite_var('./simv: undefined symbol: vhdi_node_register_composite_var')
ANF: vhdi_node_analysis('./simv: undefined symbol: vhdi_node_analysis')
ANF: vhdi_node_id('./simv: undefined symbol: vhdi_node_id')
ANF: vhdi_node_ist_check_scsd_callback('./simv: undefined symbol: vhdi_node_ist_check_scsd_callback')
ANF: vhdi_node_ist_add_scsd_callback('./simv: undefined symbol: vhdi_node_ist_add_scsd_callback')
ANF: vhdi_node_ist_get_value_addr('./simv: undefined symbol: vhdi_node_ist_get_value_addr')
ANF: vhdi_enc_def_traverse_module('./simv: undefined symbol: vhdi_enc_def_traverse_module')
ANF: vhdi_enc_def_traverse_scope('./simv: undefined symbol: vhdi_enc_def_traverse_scope')
ANF: vhdi_enc_def_traverse_variable('./simv: undefined symbol: vhdi_enc_def_traverse_variable')
ANF: vhdi_enc_ist_traverse_scope('./simv: undefined symbol: vhdi_enc_ist_traverse_scope')
ANF: vhdi_enc_ist_traverse_variable('./simv: undefined symbol: vhdi_enc_ist_traverse_variable')
ANF: vhdi_enc_ist_get_module_id('./simv: undefined symbol: vhdi_enc_ist_get_module_id')
ANF: vhdi_enc_def_get_handle_by_module_id('./simv: undefined symbol: vhdi_enc_def_get_handle_by_module_id')
VCS compile option:
 option[0]: ./simv
 option[1]: -reportstats
 option[2]: -l
 option[3]: ./logs/sim.log.1102_00:26:21
 option[4]: /tool/Program/synopsys/vcs_vR-2020.12-SP1/linux64/bin/vcs1
 option[5]: -Mcc=gcc
 option[6]: -Mcplusplus=g++
 option[7]: -Masflags=
 option[8]: -Mcfl= -pipe -fPIC -O -I/tool/Program/synopsys/vcs_vR-2020.12-SP1/include 
 option[9]: -Mxllcflags=
 option[10]: -Mxcflags= -pipe -fPIC -I/tool/Program/synopsys/vcs_vR-2020.12-SP1/include
 option[11]: -Mldflags= -rdynamic 
 option[12]: -Mout=simv
 option[13]: -Mamsrun=
 option[14]: -Mvcsaceobjs=
 option[15]: -Mobjects= /tool/Program/synopsys/vcs_vR-2020.12-SP1/linux64/lib/libvirsim.so /tool/Program/synopsys/vcs_vR-2020.12-SP1/linux64/lib/liberrorinf.so /tool/Program/synopsys/vcs_vR-2020.12-SP1/linux64/lib/libsnpsmalloc.so /tool/Program/synopsys/vcs_vR-2020.12-SP1/linux64/lib/libvfs.so 
 option[16]: -Mexternalobj=
 option[17]: -Msaverestoreobj=/tool/Program/synopsys/vcs_vR-2020.12-SP1/linux64/lib/vcs_save_restore_new.o
 option[18]: -Mcrt0=
 option[19]: -Mcrtn=
 option[20]: -Mcsrc=
 option[21]: -Msyslibs=/tool/Program/synopsys/verdi_vR-2020.12-SP1/share/PLI/VCS/LINUX64/pli.a -ldl 
 option[22]: -l
 option[23]: logs/compile.log.1102_00:26:20
 option[24]: -V
 option[25]: -lca
 option[26]: -kdb
 option[27]: -Xufe=2steps
 option[28]: -full64
 option[29]: -debug_access+all
 option[30]: +vpi
 option[31]: +vcsd1
 option[32]: +itf+/tool/Program/synopsys/vcs_vR-2020.12-SP1/linux64/lib/vcsdp_lite.tab
 option[33]: -timescale=1ns/1ps
 option[34]: +delay_mode_zero
 option[35]: +libext+.v+
 option[36]: +define+FUNCTIONAL+
 option[37]: -picarchive
 option[38]: -P
 option[39]: /tool/Program/synopsys/verdi_vR-2020.12-SP1/share/PLI/VCS/LINUX64/verdi.tab
 option[40]: -fsdb
 option[41]: -sverilog
 option[42]: -gen_obj
 option[43]: +incdir+../../RTL/TOP/
 option[44]: -y
 option[45]: /tool/Program/synopsys/syn_vS-2021.06-SP5-2/dw/sim_ver
 option[46]: -f
 option[47]: ./script/run_TOP.f
 option[48]: -load
 option[49]: /tool/Program/synopsys/verdi_vR-2020.12-SP1/share/PLI/VCS/LINUX64/libnovas.so:FSDBDumpCmd
 option[50]: timescale=1ns/1ps
Chronologic Simulation VCS Release R-2020.12-SP1_Full64
Linux 3.10.0-1160.41.1.el7.x86_64 #1 SMP Tue Aug 31 14:52:47 UTC 2021 x86_64
CPU cores: 48
Limit information:
======================================
cputime		unlimited
filesize		unlimited
datasize		unlimited
stacksize		8192 kbytes
coredumpsize		0 kbytes
memoryuse		unlimited
vmemoryuse		unlimited
descriptors		4096
memorylocked		64 kbytes
maxproc		4096
======================================
(Special)Runtime environment variables:

Runtime environment variables:
SYNOPSYS_LC_ROOT=/tool/Program/synopsys/lc_vM-2016.12-SP3-1
SALT_LICENSE_SERVER=1717@143.248.230.188:1717@143.248.230.169:1717@143.248.230.189
XDG_SESSION_ID=c17
SSH_AGENT_PID=53662
HOSTNAME=ferrari
XRDP_SOCKET_PATH=/run/xrdp
UVM_HOME=/tool/Program/synopsys/verdi_vR-2020.12-SP1/etc/uvm-1.2
IMSETTINGS_INTEGRATE_DESKTOP=yes
TERM=xterm-256color
VTE_VERSION=5204
SHELL=/bin/zsh
HISTSIZE=50000
MAKEFLAGS=
CONDA_SHLVL=1
CONDA_PROMPT_MODIFIER=(base) 
QS_PATH=/tool/Program/mentor/QuestaSim-2020.3_2/linux_x86_64
GSETTINGS_SCHEMA_DIR_CONDA_BACKUP=
CDS_LOAD_ENV=addCWD
PPW_HOME=/tool/Program/synopsys/ppower_vS-2021.06-SP5
WINDOWID=37748739
CDS_HOME=/tool/Program/cadence/IC618
ZSH=/home/juchan.lee/.oh-my-zsh
DVT_HOME=/tool/Program/amiq/dvt_eclipse
IMSETTINGS_MODULE=none
USER=juchan.lee
LD_LIBRARY_PATH=/home/juchan.lee/anaconda3/lib:
LS_COLORS=rs=0:di=38;5;27:ln=38;5;51:mh=44;38;5;15:pi=40;38;5;11:so=38;5;13:do=38;5;5:bd=48;5;232;38;5;11:cd=48;5;232;38;5;3:or=48;5;232;38;5;9:mi=05;48;5;232;38;5;15:su=48;5;196;38;5;15:sg=48;5;11;38;5;16:ca=48;5;196;38;5;226:tw=48;5;10;38;5;16:ow=48;5;10;38;5;21:st=48;5;21;38;5;15:ex=38;5;34:*.tar=38;5;9:*.tgz=38;5;9:*.arc=38;5;9:*.arj=38;5;9:*.taz=38;5;9:*.lha=38;5;9:*.lz4=38;5;9:*.lzh=38;5;9:*.lzma=38;5;9:*.tlz=38;5;9:*.txz=38;5;9:*.tzo=38;5;9:*.t7z=38;5;9:*.zip=38;5;9:*.z=38;5;9:*.Z=38;5;9:*.dz=38;5;9:*.gz=38;5;9:*.lrz=38;5;9:*.lz=38;5;9:*.lzo=38;5;9:*.xz=38;5;9:*.bz2=38;5;9:*.bz=38;5;9:*.tbz=38;5;9:*.tbz2=38;5;9:*.tz=38;5;9:*.deb=38;5;9:*.rpm=38;5;9:*.jar=38;5;9:*.war=38;5;9:*.ear=38;5;9:*.sar=38;5;9:*.rar=38;5;9:*.alz=38;5;9:*.ace=38;5;9:*.zoo=38;5;9:*.cpio=38;5;9:*.7z=38;5;9:*.rz=38;5;9:*.cab=38;5;9:*.jpg=38;5;13:*.jpeg=38;5;13:*.gif=38;5;13:*.bmp=38;5;13:*.pbm=38;5;13:*.pgm=38;5;13:*.ppm=38;5;13:*.tga=38;5;13:*.xbm=38;5;13:*.xpm=38;5;13:*.tif=38;5;13:*.tiff=38;5;13:*.png=38;5;13:*.svg=38;5;13:*.svgz=38;5;13:*.mng=38;5;13:*.pcx=38;5;13:*.mov=38;5;13:*.mpg=38;5;13:*.mpeg=38;5;13:*.m2v=38;5;13:*.mkv=38;5;13:*.webm=38;5;13:*.ogm=38;5;13:*.mp4=38;5;13:*.m4v=38;5;13:*.mp4v=38;5;13:*.vob=38;5;13:*.qt=38;5;13:*.nuv=38;5;13:*.wmv=38;5;13:*.asf=38;5;13:*.rm=38;5;13:*.rmvb=38;5;13:*.flc=38;5;13:*.avi=38;5;13:*.fli=38;5;13:*.flv=38;5;13:*.gl=38;5;13:*.dl=38;5;13:*.xcf=38;5;13:*.xwd=38;5;13:*.yuv=38;5;13:*.cgm=38;5;13:*.emf=38;5;13:*.axv=38;5;13:*.anx=38;5;13:*.ogv=38;5;13:*.ogx=38;5;13:*.aac=38;5;45:*.au=38;5;45:*.flac=38;5;45:*.mid=38;5;45:*.midi=38;5;45:*.mka=38;5;45:*.mp3=38;5;45:*.mpc=38;5;45:*.ogg=38;5;45:*.ra=38;5;45:*.wav=38;5;45:*.axa=38;5;45:*.oga=38;5;45:*.spx=38;5;45:*.xspf=38;5;45:
CONDA_EXE=/home/juchan.lee/anaconda3/bin/conda
SSH_AUTH_SOCK=/tmp/ssh-xqAZPkjTHX3H/agent.53479
XILINXD_LICENSE_FILE=2100@vlsi-vpn.snu.ac.kr
MAKELEVEL=1
SESSION_MANAGER=local/unix:@/tmp/.ICE-unix/53479,unix/unix:/tmp/.ICE-unix/53479
SNPSLMD_LICENSE_FILE=1727@veritas.snu.ac.kr
PAGER=less
MFLAGS=
XRDP_PULSE_SINK_SOCKET=xrdp_chansrv_audio_out_socket_15
_CE_CONDA=
MODELTECH_PATH=/tool/Program/mentor/QuestaSim-2020.3_2/linux_x86_64/share/modeltech/linux_x86_64
PULSE_SCRIPT=/etc/xrdp/pulse/default.pa
XCELIUM_HOME=/tool/Program/cadence/XCELIUM1903
LSCOLORS=Gxfxcxdxbxegedabagacad
DCC_HOME=/tool/Program/synopsys/syn_vS-2021.06-SP5-2
MAIL=/var/spool/mail/juchan.lee
PATH=/home/juchan.lee/anaconda3/bin:/home/juchan.lee/anaconda3/condabin:/home/juchan.lee/anaconda3/bin:/tool/Program/amiq/dvt_eclipse/bin:/tool/Program/synopsys/mw_vL-2016.03-SP3/bin/linux64:/tool/Program/synopsys/verdi_vR-2020.12-SP1/bin:/tool/Program/synopsys/vcs_vR-2020.12-SP1/amd64/bin:/tool/Program/synopsys/vcs_vR-2020.12-SP1/bin:/tool/Program/synopsys/ppower_vS-2021.06-SP5/bin:/tool/Program/synopsys/pts_vQ-2019.12-SP4/amd64/syn/bin:/tool/Program/synopsys/pts_vQ-2019.12-SP4/bin:/tool/Program/synopsys/lc_vM-2016.12-SP3-1/bin:/tool/Program/synopsys/icc2_vT-2022.03-SP3/bin:/tool/Program/synopsys/syn_vS-2021.06-SP5-2/amd64/syn/bin:/tool/Program/synopsys/syn_vS-2021.06-SP5-2/bin:/tool/Program/mentor/QuestaSim-2020.3_2/linux_x86_64/bin:/tool/Program/mentor/QuestaSim-2020.3_2/linux_x86_64/share/modeltech/linux_x86_64:/tool/Program/cadence/IC618/tools/bin:/tool/Program/cadence/IC618/tools/dfII/bin:/tool/Program/cadence/XCELIUM1903/tools/bin:/tool/ENV/bin:/home/juchan.lee/anaconda3/bin:/home/juchan.lee/bin:/usr/local/bin:/sbin:/bin:/usr/bin:/usr/local/bin:/usr/local/sbin:/usr/sbin:/var/lib/snapd/snap/bin:/home/juchan.lee/.local/bin:/home/juchan.lee/bin:/home/juchan.lee/.local/bin:/home/juchan.lee/bin:/home/juchan.lee/bin
GSETTINGS_SCHEMA_DIR=/home/juchan.lee/anaconda3/share/glib-2.0/schemas
_=./simv
CONDA_PREFIX=/home/juchan.lee/anaconda3
VERDI_HOME=/tool/Program/synopsys/verdi_vR-2020.12-SP1
PWD=/home/juchan.lee/RNN/RNN_project/sim/functional
MW_HOME=/tool/Program/synopsys/mw_vL-2016.03-SP3
VCS_HOME=/tool/Program/synopsys/vcs_vR-2020.12-SP1
XRDP_SESSION=1
PTS_HOME=/tool/Program/synopsys/pts_vQ-2019.12-SP4
LANG=C
XRDP_PULSE_SOURCE_SOCKET=xrdp_chansrv_audio_in_socket_15
OA_HOME=/tool/Program/cadence/IC618/oa_v22.60.054
DVTLMD_LICENSE_FILE=20000@vlsi-mini.snu.ac.kr
CDS_HOME618=/tool/Program/cadence/IC618
CDS_Netlisting_Mode=Analog
_CE_M=
SSH_ASKPASS=/usr/libexec/openssh/gnome-ssh-askpass
HISTCONTROL=ignoredups
SHLVL=3
HOME=/home/juchan.lee
ICC2_HOME=/tool/Program/synopsys/icc2_vT-2022.03-SP3
VLSI_ENV_HOME=/tool/ENV
VC_HOME=/tool/Program/synopsys/vcs_vR-2020.12-SP1
CONDA_PYTHON_EXE=/home/juchan.lee/anaconda3/bin/python
DVT_LICENSE_FILE=FLEXLM
LESS=-R
LOGNAME=juchan.lee
MGLS_LICENSE_FILE=1717@143.248.230.188:1717@143.248.230.169:1717@143.248.230.189
DBUS_SESSION_BUS_ADDRESS=unix:abstract=/tmp/dbus-EU449Rbetl,guid=1ff1a7df4c60b4fe4bc52f3965c6ee88
XDG_DATA_DIRS=/home/juchan.lee/.local/share/flatpak/exports/share:/var/lib/flatpak/exports/share:/usr/local/share:/usr/share:/var/lib/snapd/desktop
LC_CTYPE=en_US.UTF-8
UID=1134
CDS_LIC_FILE=5280@veritas.snu.ac.kr:5280@143.248.230.188:5280@143.248.230.169:5280@143.248.230.189
CONDA_DEFAULT_ENV=base
LESSOPEN=||/usr/bin/lesspipe.sh %s
DVT_PREDEFINED_PROJECTS=/tool/Program/amiq/dvt_eclipse/predefined_projects
DISPLAY=:15.0
XDG_RUNTIME_DIR=/run/user/1134
DVT_COMMON_SETTINGS=/tool/Program/amiq/dvt_eclipse/theme/Basic
COLORTERM=truecolor
VCS_PATHMAP_PRELOAD_DONE=1
VCS_STACK_EXEC=true
VCS_EXEC_DONE=1
LC_ALL=C
DVE=/tool/Program/synopsys/vcs_vR-2020.12-SP1/gui/dve
SPECMAN_OUTPUT_TO_TTY=1
FLEXLM_BORROWFILE=/home/juchan.lee/.ferrari-borrow.txt
Runtime command line arguments:
argv[0]=./simv
argv[1]=-reportstats
argv[2]=-l
argv[3]=./logs/sim.log.1102_00:26:21
249 profile - 100
          CPU/Mem usage: 0.020 sys,  0.240 user,  232.08M mem
250 Elapsed time:    0:00:01    Sat Nov  2 00:26:22 2024
251 pliAppInit
252 [SC]Init: MemoryConsumed=0.00MB ElapsedTime=0hour 0min. 0sec.
253 FSDB_GATE is set.
254 FSDB_RTL is set.
255 FSDB_FIELDTYPE is set.
256 FSDB_ALIAS_ARRAY_ELEM is set to 4294967295.
257 Enable Parallel Dumping.
258 pliAppMiscSet: New Sim Round
259 pliEntryInit
260 LIBSSCORE=found /tool/Program/synopsys/verdi_vR-2020.12-SP1/share/PLI/lib/LINUXAMD64/libsscore_vcs202012.so through $NOVAS_HOME setting.
261 FSDB Dumper for VCS, Release Verdi_R-2020.12-SP1, Linux x86_64/64bit, 03/02/2021
262 (C) 1996 - 2021 by Synopsys, Inc.
263 sps_call_fsdbDumpfile_main at 0 : ../../tb/tb_TOP.sv(115)
264 argv[0]: (./reports/tb_TOP.fsdb)
265 *Verdi* : Create FSDB file './reports/tb_TOP.fsdb'
266 [spi_vcs_vd_ppi_create_root]: no upf option
267 FSDB dumper cannot dump UPF related power signal ($power_tree): no ppiPowerNetwork.
268 compile option from '/home/juchan.lee/RNN/RNN_project/sim/functional/simv.daidir/vcs_rebuild'.
269   "vcs '-V' '-lca' '-kdb' '-sverilog' '-full64' '-debug_access+all' '-l' 'logs/compile.log.1102_00:26:20' '-timescale=1ns/1ps' '+incdir+../../RTL/TOP/' '-y' '/tool/Program/synopsys/syn_vS-2021.06-SP5-2/dw/sim_ver' '+delay_mode_zero' '+libext+.v+' '+define+FUNCTIONAL+' '-f' './script/run_TOP.f' 2>&1"
270 DVDI_is_vir_unload_enabled is enable
271 FSDB_VCS_ENABLE_NATIVE_VC is enable
272 sps_call_fsdbDumpvars_vd_main at 0 : ../../tb/tb_TOP.sv(116)
273 argv[0]: (0)
274 argv[1]: (+all)
275 argv[2]: (+parameter)
276 argv[3]: (+functions)
277 *Verdi* : Begin traversing the scopes, layer (0).
278 *Verdi* : Enable +all, +parameter and +functions dumping.
279 *Verdi* : End of traversing.
280 pliAppHDL_DumpVarComplete traverse var: profile - 
          CPU/Mem usage: 0.030 sys,  0.240 user,  331.73M mem
                   incr: 0.000 sys,  0.000 user,  7.94M mem
                   accu: 0.000 sys,  0.000 user,  7.94M mem
              accu incr: 0.000 sys,  0.000 user,  7.94M mem

          Count usage: 412 var,  274 idcode,  119 callback
                 incr: 412 var,  274 idcode,  119 callback
                 accu: 412 var,  274 idcode,  119 callback
            accu incr: 412 var,  274 idcode,  119 callback
281 Elapsed time:    0:00:01    Sat Nov  2 00:26:22 2024
282 pliAppHDL_DumpVarComplete: profile - 
          CPU/Mem usage: 0.030 sys,  0.240 user,  332.78M mem
                   incr: 0.000 sys,  0.000 user,  1.05M mem
                   accu: 0.000 sys,  0.000 user,  8.99M mem
              accu incr: 0.000 sys,  0.000 user,  1.05M mem

          Count usage: 412 var,  274 idcode,  119 callback
                 incr: 0 var,  0 idcode,  0 callback
                 accu: 412 var,  274 idcode,  119 callback
            accu incr: 0 var,  0 idcode,  0 callback
283 Elapsed time:    0:00:01    Sat Nov  2 00:26:22 2024
284 sps_call_fsdbDumpFinish_vd_main at 5486000 : ../../tb/tb_TOP.sv(133)
285 Begin FSDB profile info:
286 FSDB Writer : bc1(2032) bcn(7456) mtf/stf(0/0)
FSDB Writer elapsed time : flush(0.016683) io wait(0.000000) theadpool wait(0.000000)
FSDB Writer cpu time : MT Compression : 0
287 End FSDB profile info
288 FSDB closed. Name: ./reports/tb_TOP.fsdb Size: 15076
289 *Verdi* : Close all FSDB Files at 5,486,000 ps.
290 End of simulation at 5486000
291 Memory usage: 334.393 M
292 Elapsed time:    0:00:01    Sat Nov  2 00:26:22 2024
293 Parallel profile     - ProducerThread:1 ConsumerThread:1 Buffer:64MB
294                      - BlockUsed:1 Acquire:10438 BufferUsed:125872
295                      - Flush:4 Expand:0 ProducerWait:0 ConsumerWait:0
296                      - MainProducerTime:0.291976867 TotalConsumerTime:0.000000000
297                      - ElapsedTime:0.176204000
298 Producer   0 profile - BlockUsed:1 Acquire:10438 BufferUsed:125872
299 Consumer   0 profile - Affinity:-1 CPUTime:0.000000000 LifeTime:0.000000000 (-nan%)
300                      - BlockUsed:1 Acquire:10438 BufferUsed:125872
301 SimExit
302 Elapsed time:    0:00:01    Sat Nov  2 00:26:22 2024
303 Sim process exit
