version: (200506)

available memory: 64M bytes
used memory: 98304 bytes [need 96K bytes if disable swap]

used block: 5 [memory(5) file(0)]
                 [ 8K(4) 64K(1) { total 96K bytes } ]
overhead: (9538) bytes for (5) blocks [Average: (1907) bytes/block]

write  => 0(times) 0K(bytes) [0K bytes to file]
read   => 1(times) 22K(bytes) [3K bytes compressed data from file]
access => 45710(times) 365M(bytes)
          [hit ratio: 99.9978%]

time: write(0) read(0)  unit: second

swap file directory: (/home/juchan.lee/RNN_project/sim/functional/verdiLog)
used swap file number: (1)



swap file manager:
arrSize: (256)
idxCnt: (3)
closeHead: (1)
closeTail: (2)
openCnt: (2)
fid(2): fd(25) fileName(/home/juchan.lee/RNN_project/sim/functional/verdiLog/_swap_0001#781404252#37866)
	size(0) lastModTime(0) curModTime(1730459835)
	mode(w+b)	hot(0) cool(1) pos(0)
fid(1): fd(1073741824) fileName(/home/juchan.lee/RNN_project/sim/functional/simv.daidir/kdb.elab++/work.lib++/tb_TOP.sv.tdc)
	size(6046) lastModTime(1730459832) curModTime(1730459832)
	mode(rb)	hot(2) cool(0) pos(0)
fid(0): fd(0) fileName(NULL)
	mode(NULL)	hot(0) cool(0) pos(0)
==================================================
mySelf(17a05d10) pre(179f7630) next(0)
version(200506)
date(Mar  2 2021 03:35:41)
